module.js:327
    throw err;
    ^

Error: Cannot find module './server/config/config'
    at Function.Module._resolveFilename (module.js:325:15)
    at Function.Module._load (module.js:276:25)
    at Module.require (module.js:353:17)
    at require (internal/module.js:12:17)
    at Object.<anonymous> (/Users/mithundas/Project_Workspace/NodeJS/ass/server/routes/contactRouter.js:5:14)
    at Module._compile (module.js:409:26)
    at Object.Module._extensions..js (module.js:416:10)
    at Module.load (module.js:343:32)
    at Function.Module._load (module.js:300:12)
    at Module.require (module.js:353:17)
    at require (internal/module.js:12:17)
module.js:327
    throw err;
    ^

Error: Cannot find module './server/config/config'
    at Function.Module._resolveFilename (module.js:325:15)
    at Function.Module._load (module.js:276:25)
    at Module.require (module.js:353:17)
    at require (internal/module.js:12:17)
    at Object.<anonymous> (/Users/mithundas/Project_Workspace/NodeJS/ass/server/routes/contactRouter.js:5:14)
    at Module._compile (module.js:409:26)
    at Object.Module._extensions..js (module.js:416:10)
    at Module.load (module.js:343:32)
    at Function.Module._load (module.js:300:12)
    at Module.require (module.js:353:17)
    at require (internal/module.js:12:17)
module.js:327
    throw err;
    ^

Error: Cannot find module './server/config/config'
    at Function.Module._resolveFilename (module.js:325:15)
    at Function.Module._load (module.js:276:25)
    at Module.require (module.js:353:17)
    at require (internal/module.js:12:17)
    at Object.<anonymous> (/Users/mithundas/Project_Workspace/NodeJS/ass/server/routes/contactRouter.js:5:14)
    at Module._compile (module.js:409:26)
    at Object.Module._extensions..js (module.js:416:10)
    at Module.load (module.js:343:32)
    at Function.Module._load (module.js:300:12)
    at Module.require (module.js:353:17)
    at require (internal/module.js:12:17)
/Users/mithundas/Project_Workspace/NodeJS/ass/server/config/express.js:21
    app.set('views', path.join(config.rootPath, 'server/views'));
                                     ^

TypeError: Cannot read property 'rootPath' of undefined
    at module.exports (/Users/mithundas/Project_Workspace/NodeJS/ass/server/config/express.js:21:38)
    at Object.<anonymous> (/Users/mithundas/Project_Workspace/NodeJS/ass/app.js:7:35)
    at Module._compile (module.js:409:26)
    at Object.Module._extensions..js (module.js:416:10)
    at Module.load (module.js:343:32)
    at Function.Module._load (module.js:300:12)
    at Module.require (module.js:353:17)
    at require (internal/module.js:12:17)
    at Object.<anonymous> (/Users/mithundas/Project_Workspace/NodeJS/ass/bin/profile:3:11)
    at Module._compile (module.js:409:26)
/Users/mithundas/Project_Workspace/NodeJS/ass/server/config/express.js:21
    app.set('views', path.join(config.rootPath, 'server/views'));
                                     ^

TypeError: Cannot read property 'rootPath' of undefined
    at module.exports (/Users/mithundas/Project_Workspace/NodeJS/ass/server/config/express.js:21:38)
    at Object.<anonymous> (/Users/mithundas/Project_Workspace/NodeJS/ass/app.js:7:35)
    at Module._compile (module.js:409:26)
    at Object.Module._extensions..js (module.js:416:10)
    at Module.load (module.js:343:32)
    at Function.Module._load (module.js:300:12)
    at Module.require (module.js:353:17)
    at require (internal/module.js:12:17)
    at Object.<anonymous> (/Users/mithundas/Project_Workspace/NodeJS/ass/bin/profile:3:11)
    at Module._compile (module.js:409:26)
/Users/mithundas/Project_Workspace/NodeJS/ass/server/config/express.js:21
    app.set('views', path.join(config.rootPath, 'server/views'));
                                     ^

TypeError: Cannot read property 'rootPath' of undefined
    at module.exports (/Users/mithundas/Project_Workspace/NodeJS/ass/server/config/express.js:21:38)
    at Object.<anonymous> (/Users/mithundas/Project_Workspace/NodeJS/ass/app.js:7:35)
    at Module._compile (module.js:409:26)
    at Object.Module._extensions..js (module.js:416:10)
    at Module.load (module.js:343:32)
    at Function.Module._load (module.js:300:12)
    at Module.require (module.js:353:17)
    at require (internal/module.js:12:17)
    at Object.<anonymous> (/Users/mithundas/Project_Workspace/NodeJS/ass/bin/profile:3:11)
    at Module._compile (module.js:409:26)
