{ rootPath: '/Users/mithundas/Project_Workspace/NodeJS/ass/' }
***** setting header 
undefined
[0mGET / [32m200 [0m22.671 ms - 5320[0m
[0mGET /vendor/font-awesome/css/font-awesome.min.css [32m200 [0m8.700 ms - 27466[0m
[0mGET /vendor/bootstrap/dist/css/bootstrap.min.css [32m200 [0m10.985 ms - 121260[0m
[0mGET /vendor/angular/angular-csp.css [32m200 [0m13.344 ms - 343[0m
[0mGET /vendor/angularjs-toaster/toaster.min.css [32m200 [0m12.921 ms - 10943[0m
[0mGET /vendor/animate.css/animate.min.css [32m200 [0m13.381 ms - 55918[0m
[0mGET /css/style.css [32m200 [0m12.883 ms - 28772[0m
[0mGET /vendor/wow/dist/wow.min.js [32m200 [0m6.714 ms - 8182[0m
[0mGET /vendor/bootstrap/dist/js/bootstrap.min.js [32m200 [0m13.872 ms - 36868[0m
[0mGET /vendor/jquery/dist/jquery.min.js [32m200 [0m15.537 ms - 84380[0m
[0mGET /vendor/angular-ui-router/release/angular-ui-router.min.js [32m200 [0m5.949 ms - 30439[0m
[0mGET /vendor/angular-animate/angular-animate.min.js [32m200 [0m5.828 ms - 25600[0m
[0mGET /vendor/angular/angular.min.js [32m200 [0m10.492 ms - 148199[0m
[0mGET /vendor/angular-touch/angular-touch.min.js [32m200 [0m4.828 ms - 3589[0m
[0mGET /vendor/angular-bootstrap/ui-bootstrap.min.js [32m200 [0m7.662 ms - 112037[0m
[0mGET /vendor/angular-bootstrap/ui-bootstrap-tpls.min.js [32m200 [0m8.998 ms - 132410[0m
[0mGET /vendor/angular-confirm-modal/angular-confirm.js [32m200 [0m5.483 ms - 2609[0m
[0mGET /vendor/angular-local-storage/dist/angular-local-storage.min.js [32m200 [0m6.831 ms - 5277[0m
[0mGET /vendor/angularjs-toaster/toaster.min.js [32m200 [0m3.181 ms - 7797[0m
[0mGET /vendor/headroom.js/dist/headroom.min.js [32m200 [0m2.060 ms - 4317[0m
[0mGET /vendor/headroom.js/dist/angular.headroom.min.js [32m200 [0m1.537 ms - 588[0m
[0mGET /modules/app/AppModule.js [32m200 [0m4.216 ms - 1769[0m
[0mGET /modules/app/CarouselController.js [32m200 [0m2.375 ms - 585[0m
[0mGET /modules/app/AppConfig.js [32m200 [0m3.946 ms - 365[0m
[0mGET /modules/app/ContactController.js [32m200 [0m2.090 ms - 602[0m
[0mGET /modules/app/HomeController.js [32m200 [0m2.900 ms - 332[0m
[0mGET /modules/app/tmpl/home.html [32m200 [0m1.143 ms - 5425[0m
[0mGET /vendor/bootstrap/dist/fonts/glyphicons-halflings-regular.woff2 [32m200 [0m1.521 ms - 18028[0m
[0mGET /vendor/font-awesome/fonts/fontawesome-webfont.woff2?v=4.5.0 [32m200 [0m1.670 ms - 66624[0m
[0mGET /images/php.png [32m200 [0m5.453 ms - 21269[0m
[0mGET /images/spring2.jpg [32m200 [0m5.532 ms - 25327[0m
[0mGET /images/nodejs.png [32m200 [0m6.421 ms - 32790[0m
[0mGET /images/angularjs.png [32m200 [0m4.359 ms - 59278[0m
[0mGET /images/mean.png [32m200 [0m9.199 ms - 210675[0m
[0mGET /images/css.png [32m200 [0m3.354 ms - 57849[0m
[0mGET /images/mongodb.png [32m200 [0m1.943 ms - 27692[0m
[0mGET /images/mysql.png [32m200 [0m3.474 ms - 33869[0m
[0mGET /images/ionic.png [32m200 [0m3.231 ms - 28293[0m
[0mGET /images/img001.jpg [32m200 [0m1.790 ms - 60232[0m
[0mGET /images/img002.jpg [32m200 [0m1.621 ms - 57033[0m
***** setting header 
[0mGET /images/favicon.ico [33m404 [0m4.726 ms - 14[0m
***** setting header 
undefined
[0mGET / [36m304 [0m10.670 ms - -[0m
[0mGET /vendor/bootstrap/dist/css/bootstrap.min.css [36m304 [0m4.318 ms - -[0m
[0mGET /vendor/font-awesome/css/font-awesome.min.css [36m304 [0m3.577 ms - -[0m
[0mGET /vendor/angular/angular-csp.css [36m304 [0m3.385 ms - -[0m
[0mGET /vendor/animate.css/animate.min.css [36m304 [0m3.084 ms - -[0m
[0mGET /vendor/angularjs-toaster/toaster.min.css [36m304 [0m3.095 ms - -[0m
[0mGET /css/style.css [36m304 [0m3.438 ms - -[0m
[0mGET /vendor/jquery/dist/jquery.min.js [36m304 [0m1.686 ms - -[0m
[0mGET /vendor/bootstrap/dist/js/bootstrap.min.js [36m304 [0m1.573 ms - -[0m
[0mGET /vendor/wow/dist/wow.min.js [36m304 [0m1.105 ms - -[0m
[0mGET /vendor/angular/angular.min.js [36m304 [0m3.682 ms - -[0m
[0mGET /vendor/angular-ui-router/release/angular-ui-router.min.js [36m304 [0m4.285 ms - -[0m
[0mGET /vendor/angular-animate/angular-animate.min.js [36m304 [0m4.939 ms - -[0m
[0mGET /vendor/angular-touch/angular-touch.min.js [36m304 [0m4.185 ms - -[0m
[0mGET /vendor/angular-bootstrap/ui-bootstrap.min.js [36m304 [0m3.559 ms - -[0m
[0mGET /vendor/angular-bootstrap/ui-bootstrap-tpls.min.js [36m304 [0m1.300 ms - -[0m
[0mGET /vendor/angular-confirm-modal/angular-confirm.js [36m304 [0m2.182 ms - -[0m
[0mGET /vendor/angular-local-storage/dist/angular-local-storage.min.js [36m304 [0m3.315 ms - -[0m
[0mGET /vendor/angularjs-toaster/toaster.min.js [36m304 [0m2.669 ms - -[0m
[0mGET /vendor/headroom.js/dist/headroom.min.js [36m304 [0m1.682 ms - -[0m
[0mGET /vendor/headroom.js/dist/angular.headroom.min.js [36m304 [0m1.258 ms - -[0m
[0mGET /modules/app/AppModule.js [36m304 [0m1.211 ms - -[0m
[0mGET /modules/app/CarouselController.js [36m304 [0m1.541 ms - -[0m
[0mGET /modules/app/HomeController.js [36m304 [0m1.909 ms - -[0m
[0mGET /modules/app/ContactController.js [36m304 [0m1.708 ms - -[0m
[0mGET /modules/app/AppConfig.js [32m200 [0m6.101 ms - 480[0m
***** setting header 
undefined
[0mGET / [36m304 [0m3.924 ms - -[0m
[0mGET /vendor/bootstrap/dist/css/bootstrap.min.css [36m304 [0m3.234 ms - -[0m
[0mGET /vendor/font-awesome/css/font-awesome.min.css [36m304 [0m3.024 ms - -[0m
[0mGET /vendor/angular/angular-csp.css [36m304 [0m2.812 ms - -[0m
[0mGET /vendor/animate.css/animate.min.css [36m304 [0m2.932 ms - -[0m
[0mGET /vendor/angularjs-toaster/toaster.min.css [36m304 [0m2.434 ms - -[0m
[0mGET /css/style.css [36m304 [0m2.582 ms - -[0m
[0mGET /vendor/jquery/dist/jquery.min.js [36m304 [0m0.628 ms - -[0m
[0mGET /vendor/bootstrap/dist/js/bootstrap.min.js [36m304 [0m2.155 ms - -[0m
[0mGET /vendor/wow/dist/wow.min.js [36m304 [0m1.764 ms - -[0m
[0mGET /vendor/angular/angular.min.js [36m304 [0m1.482 ms - -[0m
[0mGET /vendor/angular-ui-router/release/angular-ui-router.min.js [36m304 [0m1.350 ms - -[0m
[0mGET /vendor/angular-animate/angular-animate.min.js [36m304 [0m1.276 ms - -[0m
[0mGET /vendor/angular-touch/angular-touch.min.js [36m304 [0m1.294 ms - -[0m
[0mGET /vendor/angular-bootstrap/ui-bootstrap.min.js [36m304 [0m1.714 ms - -[0m
[0mGET /vendor/angular-bootstrap/ui-bootstrap-tpls.min.js [36m304 [0m1.656 ms - -[0m
[0mGET /vendor/angular-confirm-modal/angular-confirm.js [36m304 [0m1.181 ms - -[0m
[0mGET /vendor/angular-local-storage/dist/angular-local-storage.min.js [36m304 [0m1.826 ms - -[0m
[0mGET /vendor/angularjs-toaster/toaster.min.js [36m304 [0m1.752 ms - -[0m
[0mGET /vendor/headroom.js/dist/headroom.min.js [36m304 [0m1.314 ms - -[0m
[0mGET /vendor/headroom.js/dist/angular.headroom.min.js [36m304 [0m1.811 ms - -[0m
[0mGET /modules/app/AppModule.js [36m304 [0m1.301 ms - -[0m
[0mGET /modules/app/AppConfig.js [36m304 [0m1.169 ms - -[0m
[0mGET /modules/app/CarouselController.js [36m304 [0m1.944 ms - -[0m
[0mGET /modules/app/HomeController.js [36m304 [0m1.825 ms - -[0m
[0mGET /modules/app/ContactController.js [36m304 [0m1.415 ms - -[0m
[0mGET /vendor/bootstrap/dist/css/bootstrap.min.css [36m304 [0m5.524 ms - -[0m
[0mGET /vendor/font-awesome/css/font-awesome.min.css [36m304 [0m6.331 ms - -[0m
[0mGET /vendor/angular/angular-csp.css [36m304 [0m5.930 ms - -[0m
[0mGET /vendor/animate.css/animate.min.css [36m304 [0m5.275 ms - -[0m
[0mGET /vendor/angularjs-toaster/toaster.min.css [36m304 [0m4.518 ms - -[0m
[0mGET /css/style.css [36m304 [0m4.565 ms - -[0m
[0mGET /vendor/angular-touch/angular-touch.min.js.map [32m200 [0m4.643 ms - 9958[0m
[0mGET /vendor/angular-animate/angular-animate.min.js.map [32m200 [0m6.762 ms - 69733[0m
[0mGET /vendor/angular/angular.min.js.map [32m200 [0m21.381 ms - 399648[0m
[0mGET /vendor/jquery/dist/jquery.min.map [32m200 [0m2.388 ms - 127576[0m
[0mGET /vendor/bootstrap/dist/css/bootstrap.min.css.map [32m200 [0m1.557 ms - 54416[0m
[0mGET /css/style.css.map [32m200 [0m1.694 ms - 18449[0m
error: Forever detected script was killed by signal: SIGKILL
{ rootPath: '/Users/mithundas/Project_Workspace/NodeJS/ass/' }
***** setting header 
undefined
[0mGET / [32m200 [0m20.396 ms - 5339[0m
[0mGET /vendor/bootstrap/dist/css/bootstrap.min.css [36m304 [0m5.811 ms - -[0m
[0mGET /vendor/font-awesome/css/font-awesome.min.css [36m304 [0m5.990 ms - -[0m
[0mGET /vendor/angular/angular-csp.css [36m304 [0m5.743 ms - -[0m
[0mGET /vendor/animate.css/animate.min.css [36m304 [0m5.849 ms - -[0m
[0mGET /vendor/angularjs-toaster/toaster.min.css [36m304 [0m5.992 ms - -[0m
[0mGET /css/style.css [36m304 [0m6.936 ms - -[0m
[0mGET /vendor/jquery/dist/jquery.min.js [36m304 [0m0.657 ms - -[0m
[0mGET /vendor/bootstrap/dist/js/bootstrap.min.js [36m304 [0m7.249 ms - -[0m
[0mGET /vendor/wow/dist/wow.min.js [36m304 [0m3.397 ms - -[0m
[0mGET /vendor/angular/angular.min.js [36m304 [0m4.104 ms - -[0m
[0mGET /vendor/angular-ui-router/release/angular-ui-router.min.js [36m304 [0m3.886 ms - -[0m
[0mGET /vendor/angular-animate/angular-animate.min.js [36m304 [0m3.859 ms - -[0m
[0mGET /vendor/angular-touch/angular-touch.min.js [36m304 [0m3.537 ms - -[0m
[0mGET /vendor/angular-bootstrap/ui-bootstrap.min.js [36m304 [0m1.915 ms - -[0m
[0mGET /vendor/angular-bootstrap/ui-bootstrap-tpls.min.js [36m304 [0m1.827 ms - -[0m
[0mGET /vendor/angular-confirm-modal/angular-confirm.js [36m304 [0m1.940 ms - -[0m
[0mGET /vendor/angular-local-storage/dist/angular-local-storage.min.js [36m304 [0m2.478 ms - -[0m
[0mGET /vendor/angularjs-toaster/toaster.min.js [36m304 [0m2.631 ms - -[0m
[0mGET /vendor/headroom.js/dist/headroom.min.js [36m304 [0m2.270 ms - -[0m
[0mGET /vendor/headroom.js/dist/angular.headroom.min.js [36m304 [0m0.838 ms - -[0m
[0mGET /modules/app/AppModule.js [36m304 [0m1.578 ms - -[0m
[0mGET /modules/app/AppConfig.js [36m304 [0m1.980 ms - -[0m
[0mGET /modules/app/CarouselController.js [36m304 [0m1.996 ms - -[0m
[0mGET /modules/app/HomeController.js [36m304 [0m1.141 ms - -[0m
[0mGET /modules/app/ContactController.js [36m304 [0m1.035 ms - -[0m
[0mGET /vendor/bootstrap/dist/css/bootstrap.min.css.map [36m304 [0m0.925 ms - -[0m
[0mGET /css/style.css.map [36m304 [0m0.601 ms - -[0m
[0mGET /vendor/jquery/dist/jquery.min.map [36m304 [0m0.677 ms - -[0m
[0mGET /vendor/angular/angular.min.js.map [36m304 [0m0.587 ms - -[0m
[0mGET /vendor/angular-animate/angular-animate.min.js.map [36m304 [0m0.846 ms - -[0m
[0mGET /vendor/angular-touch/angular-touch.min.js.map [36m304 [0m1.133 ms - -[0m
[0mGET /modules/app/tmpl/home.html [36m304 [0m0.502 ms - -[0m
[0mGET /images/mean.png [36m304 [0m0.603 ms - -[0m
[0mGET /images/php.png [36m304 [0m0.552 ms - -[0m
[0mGET /images/spring2.jpg [36m304 [0m1.810 ms - -[0m
[0mGET /images/nodejs.png [36m304 [0m0.600 ms - -[0m
[0mGET /images/angularjs.png [36m304 [0m0.560 ms - -[0m
[0mGET /images/css.png [36m304 [0m1.805 ms - -[0m
[0mGET /images/mysql.png [36m304 [0m3.188 ms - -[0m
[0mGET /images/mongodb.png [36m304 [0m3.434 ms - -[0m
[0mGET /images/ionic.png [36m304 [0m1.766 ms - -[0m
[0mGET /images/img001.jpg [36m304 [0m1.278 ms - -[0m
[0mGET /vendor/bootstrap/dist/fonts/glyphicons-halflings-regular.woff2 [36m304 [0m1.501 ms - -[0m
[0mGET /images/img002.jpg [36m304 [0m0.814 ms - -[0m
***** setting header 
undefined
[0mGET / [32m200 [0m8.508 ms - 5395[0m
[0mGET /vendor/bootstrap/dist/css/bootstrap.min.css [36m304 [0m5.317 ms - -[0m
[0mGET /vendor/font-awesome/css/font-awesome.min.css [36m304 [0m4.089 ms - -[0m
[0mGET /vendor/angular/angular-csp.css [36m304 [0m4.119 ms - -[0m
[0mGET /vendor/animate.css/animate.min.css [36m304 [0m3.334 ms - -[0m
[0mGET /vendor/angularjs-toaster/toaster.min.css [36m304 [0m3.193 ms - -[0m
[0mGET /css/style.css [36m304 [0m2.467 ms - -[0m
[0mGET /vendor/jquery/dist/jquery.min.js [36m304 [0m0.694 ms - -[0m
[0mGET /vendor/bootstrap/dist/js/bootstrap.min.js [36m304 [0m3.935 ms - -[0m
[0mGET /vendor/wow/dist/wow.min.js [36m304 [0m3.233 ms - -[0m
[0mGET /vendor/angular/angular.min.js [36m304 [0m3.013 ms - -[0m
[0mGET /vendor/angular-ui-router/release/angular-ui-router.min.js [36m304 [0m2.726 ms - -[0m
[0mGET /vendor/angular-animate/angular-animate.min.js [36m304 [0m2.832 ms - -[0m
[0mGET /vendor/angular-touch/angular-touch.min.js [36m304 [0m2.926 ms - -[0m
[0mGET /vendor/angular-bootstrap/ui-bootstrap.min.js [36m304 [0m1.163 ms - -[0m
[0mGET /vendor/angular-bootstrap/ui-bootstrap-tpls.min.js [36m304 [0m4.951 ms - -[0m
[0mGET /vendor/angular-confirm-modal/angular-confirm.js [36m304 [0m7.194 ms - -[0m
[0mGET /vendor/angular-local-storage/dist/angular-local-storage.min.js [36m304 [0m7.619 ms - -[0m
[0mGET /vendor/angularjs-toaster/toaster.min.js [36m304 [0m8.866 ms - -[0m
[0mGET /vendor/headroom.js/dist/headroom.min.js [36m304 [0m9.018 ms - -[0m
[0mGET /vendor/headroom.js/dist/angular.headroom.min.js [36m304 [0m10.496 ms - -[0m
[0mGET /modules/app/CarouselController.js [36m304 [0m2.600 ms - -[0m
[0mGET /modules/app/ContactController.js [36m304 [0m3.642 ms - -[0m
[0mGET /modules/app/AppModule.js [36m304 [0m3.623 ms - -[0m
[0mGET /modules/app/HomeController.js [32m200 [0m8.528 ms - 370[0m
[0mGET /modules/app/AppConfig.js [32m200 [0m8.479 ms - 642[0m
[0mGET /modules/app/BagsController.js [32m200 [0m9.201 ms - 327[0m
[0mGET /vendor/bootstrap/dist/css/bootstrap.min.css.map [36m304 [0m0.708 ms - -[0m
[0mGET /css/style.css.map [36m304 [0m2.057 ms - -[0m
[0mGET /vendor/jquery/dist/jquery.min.map [36m304 [0m0.965 ms - -[0m
[0mGET /vendor/angular/angular.min.js.map [36m304 [0m0.886 ms - -[0m
[0mGET /vendor/angular-animate/angular-animate.min.js.map [36m304 [0m0.699 ms - -[0m
[0mGET /vendor/angular-touch/angular-touch.min.js.map [36m304 [0m0.733 ms - -[0m
[0mGET /modules/app/tmpl/home.html [32m200 [0m2.770 ms - 5438[0m
[0mGET /images/mean.png [36m304 [0m3.063 ms - -[0m
[0mGET /images/php.png [36m304 [0m3.139 ms - -[0m
[0mGET /images/spring2.jpg [36m304 [0m3.192 ms - -[0m
[0mGET /images/nodejs.png [36m304 [0m2.621 ms - -[0m
[0mGET /images/angularjs.png [36m304 [0m2.582 ms - -[0m
[0mGET /images/css.png [36m304 [0m2.456 ms - -[0m
[0mGET /images/mysql.png [36m304 [0m2.793 ms - -[0m
[0mGET /images/mongodb.png [36m304 [0m2.443 ms - -[0m
[0mGET /images/ionic.png [36m304 [0m0.727 ms - -[0m
[0mGET /images/img001.jpg [36m304 [0m0.659 ms - -[0m
[0mGET /images/img002.jpg [36m304 [0m0.583 ms - -[0m
[0mGET /vendor/bootstrap/dist/fonts/glyphicons-halflings-regular.woff2 [36m304 [0m0.927 ms - -[0m
[0mGET /vendor/font-awesome/fonts/fontawesome-webfont.woff2?v=4.5.0 [36m304 [0m0.552 ms - -[0m
[0mGET /modules/app/tmpl/bagsandshoes.html [32m200 [0m1.642 ms - 123[0m
***** setting header 
[0mGET /bagsandshoes [33m404 [0m2.165 ms - 14[0m
***** setting header 
[0mGET /favicon.ico [33m404 [0m2.241 ms - 14[0m
***** setting header 
[0mGET /bagsandshoes [33m404 [0m1.017 ms - 14[0m
***** setting header 
[0mGET /bagsandshoes [33m404 [0m1.193 ms - 14[0m
***** setting header 
[0mGET /bagsandshoes [33m404 [0m5.017 ms - 14[0m
***** setting header 
[0mGET /bagsandshoes [33m404 [0m2.474 ms - 14[0m
***** setting header 
undefined
[0mGET / [32m200 [0m11.133 ms - 5415[0m
[0mGET /vendor/font-awesome/css/font-awesome.min.css [32m200 [0m7.988 ms - 27466[0m
[0mGET /vendor/angularjs-toaster/toaster.min.css [32m200 [0m7.121 ms - 10943[0m
[0mGET /vendor/animate.css/animate.min.css [32m200 [0m7.627 ms - 55918[0m
[0mGET /vendor/bootstrap/dist/css/bootstrap.min.css [32m200 [0m9.313 ms - 121260[0m
[0mGET /css/style.css [32m200 [0m7.338 ms - 28772[0m
[0mGET /vendor/angular/angular-csp.css [32m200 [0m9.363 ms - 343[0m
[0mGET /vendor/jquery/dist/jquery.min.js [32m200 [0m6.874 ms - 84380[0m
[0mGET /vendor/bootstrap/dist/js/bootstrap.min.js [32m200 [0m9.059 ms - 36868[0m
[0mGET /vendor/wow/dist/wow.min.js [32m200 [0m8.656 ms - 8182[0m
[0mGET /vendor/angular-ui-router/release/angular-ui-router.min.js [32m200 [0m7.872 ms - 30439[0m
[0mGET /vendor/angular-animate/angular-animate.min.js [32m200 [0m7.654 ms - 25600[0m
[0mGET /vendor/angular/angular.min.js [32m200 [0m10.267 ms - 148199[0m
[0mGET /vendor/angular-touch/angular-touch.min.js [32m200 [0m4.186 ms - 3589[0m
[0mGET /vendor/angular-bootstrap/ui-bootstrap.min.js [32m200 [0m3.117 ms - 112037[0m
[0mGET /vendor/angular-bootstrap/ui-bootstrap-tpls.min.js [32m200 [0m2.466 ms - 132410[0m
[0mGET /vendor/headroom.js/dist/headroom.min.js [32m200 [0m4.674 ms - 4317[0m
[0mGET /vendor/angularjs-toaster/toaster.min.js [32m200 [0m5.175 ms - 7797[0m
[0mGET /vendor/headroom.js/dist/angular.headroom.min.js [32m200 [0m5.022 ms - 588[0m
[0mGET /vendor/angular-local-storage/dist/angular-local-storage.min.js [32m200 [0m7.099 ms - 5277[0m
[0mGET /vendor/angular-confirm-modal/angular-confirm.js [32m200 [0m8.824 ms - 2609[0m
[0mGET /modules/app/AppModule.js [32m200 [0m4.439 ms - 1769[0m
[0mGET /modules/app/CarouselController.js [32m200 [0m4.285 ms - 585[0m
[0mGET /modules/app/AppConfig.js [32m200 [0m6.600 ms - 642[0m
[0mGET /modules/app/HomeController.js [32m200 [0m4.518 ms - 370[0m
[0mGET /modules/app/ContactController.js [32m200 [0m4.376 ms - 602[0m
[0mGET /modules/app/BagsController.js [32m200 [0m4.414 ms - 327[0m
[0mGET /vendor/bootstrap/dist/css/bootstrap.min.css.map [32m200 [0m1.980 ms - 54416[0m
[0mGET /css/style.css.map [32m200 [0m1.624 ms - 18449[0m
[0mGET /vendor/jquery/dist/jquery.min.map [32m200 [0m4.569 ms - 127576[0m
[0mGET /vendor/angular/angular.min.js.map [32m200 [0m16.425 ms - 399648[0m
[0mGET /vendor/angular-touch/angular-touch.min.js.map [32m200 [0m9.465 ms - 9958[0m
[0mGET /vendor/angular-animate/angular-animate.min.js.map [32m200 [0m15.334 ms - 69733[0m
[0mGET /modules/app/tmpl/home.html [32m200 [0m1.776 ms - 5438[0m
[0mGET /vendor/bootstrap/dist/fonts/glyphicons-halflings-regular.woff2 [32m200 [0m1.711 ms - 18028[0m
[0mGET /vendor/font-awesome/fonts/fontawesome-webfont.woff2?v=4.5.0 [32m200 [0m1.961 ms - 66624[0m
[0mGET /images/spring2.jpg [32m200 [0m4.095 ms - 25327[0m
[0mGET /images/nodejs.png [32m200 [0m3.955 ms - 32790[0m
[0mGET /images/php.png [32m200 [0m4.974 ms - 21269[0m
[0mGET /images/angularjs.png [32m200 [0m4.069 ms - 59278[0m
[0mGET /images/mean.png [32m200 [0m6.370 ms - 210675[0m
[0mGET /images/css.png [32m200 [0m2.671 ms - 57849[0m
[0mGET /images/mysql.png [32m200 [0m4.029 ms - 33869[0m
[0mGET /images/mongodb.png [32m200 [0m3.928 ms - 27692[0m
[0mGET /images/ionic.png [32m200 [0m3.812 ms - 28293[0m
[0mGET /images/img001.jpg [32m200 [0m3.605 ms - 60232[0m
[0mGET /images/img002.jpg [32m200 [0m2.525 ms - 57033[0m
***** setting header 
undefined
[0mGET / [32m200 [0m3.046 ms - 5415[0m
[0mGET /vendor/font-awesome/css/font-awesome.min.css [32m200 [0m2.392 ms - 27466[0m
[0mGET /vendor/angular/angular-csp.css [32m200 [0m2.008 ms - 343[0m
[0mGET /vendor/bootstrap/dist/css/bootstrap.min.css [32m200 [0m3.053 ms - 121260[0m
[0mGET /vendor/animate.css/animate.min.css [32m200 [0m2.487 ms - 55918[0m
[0mGET /vendor/angularjs-toaster/toaster.min.css [32m200 [0m2.277 ms - 10943[0m
[0mGET /css/style.css [32m200 [0m2.100 ms - 28772[0m
[0mGET /vendor/bootstrap/dist/js/bootstrap.min.js [32m200 [0m1.915 ms - 36868[0m
[0mGET /vendor/jquery/dist/jquery.min.js [32m200 [0m2.656 ms - 84380[0m
[0mGET /vendor/wow/dist/wow.min.js [32m200 [0m5.576 ms - 8182[0m
[0mGET /vendor/angular-ui-router/release/angular-ui-router.min.js [32m200 [0m6.732 ms - 30439[0m
[0mGET /vendor/angular-animate/angular-animate.min.js [32m200 [0m7.193 ms - 25600[0m
[0mGET /vendor/angular/angular.min.js [32m200 [0m10.055 ms - 148199[0m
[0mGET /vendor/angular-touch/angular-touch.min.js [32m200 [0m6.118 ms - 3589[0m
[0mGET /vendor/angular-bootstrap/ui-bootstrap.min.js [32m200 [0m8.901 ms - 112037[0m
[0mGET /vendor/angular-confirm-modal/angular-confirm.js [32m200 [0m7.886 ms - 2609[0m
[0mGET /vendor/angular-local-storage/dist/angular-local-storage.min.js [32m200 [0m12.048 ms - 5277[0m
[0mGET /modules/app/CarouselController.js [32m- [0m- ms - -[0m
[0mGET /vendor/angularjs-toaster/toaster.min.js [32m200 [0m14.665 ms - 7797[0m
[0mGET /vendor/angular-bootstrap/ui-bootstrap-tpls.min.js [32m200 [0m17.791 ms - 132410[0m
[0mGET /vendor/headroom.js/dist/headroom.min.js [32m200 [0m15.904 ms - 4317[0m
[0mGET /vendor/headroom.js/dist/angular.headroom.min.js [32m200 [0m15.669 ms - 588[0m
[0mGET /modules/app/AppModule.js [32m200 [0m9.111 ms - 1769[0m
[0mGET /modules/app/AppConfig.js [32m200 [0m8.948 ms - 642[0m
[0mGET /modules/app/HomeController.js [32m200 [0m4.003 ms - 370[0m
[0mGET /modules/app/ContactController.js [32m200 [0m3.452 ms - 602[0m
[0mGET /modules/app/BagsController.js [32m200 [0m3.019 ms - 327[0m
[0mGET /vendor/bootstrap/dist/css/bootstrap.min.css.map [32m200 [0m0.882 ms - 54416[0m
[0mGET /css/style.css.map [32m200 [0m0.842 ms - 18449[0m
[0mGET /vendor/jquery/dist/jquery.min.map [32m200 [0m1.115 ms - 127576[0m
[0mGET /vendor/angular/angular.min.js.map [32m200 [0m2.481 ms - 399648[0m
[0mGET /vendor/angular-animate/angular-animate.min.js.map [32m200 [0m1.158 ms - 69733[0m
[0mGET /vendor/angular-touch/angular-touch.min.js.map [32m200 [0m1.693 ms - 9958[0m
[0mGET /modules/app/tmpl/home.html [32m200 [0m0.670 ms - 5438[0m
[0mGET /vendor/bootstrap/dist/fonts/glyphicons-halflings-regular.woff2 [32m200 [0m0.783 ms - 18028[0m
[0mGET /vendor/font-awesome/fonts/fontawesome-webfont.woff2?v=4.5.0 [32m200 [0m0.774 ms - 66624[0m
[0mGET /images/php.png [32m200 [0m4.672 ms - 21269[0m
[0mGET /images/mean.png [32m200 [0m5.581 ms - 210675[0m
[0mGET /images/spring2.jpg [32m200 [0m5.514 ms - 25327[0m
[0mGET /images/nodejs.png [32m200 [0m3.409 ms - 32790[0m
[0mGET /images/angularjs.png [32m200 [0m3.598 ms - 59278[0m
[0mGET /images/css.png [32m200 [0m3.345 ms - 57849[0m
[0mGET /images/mysql.png [32m200 [0m0.936 ms - 33869[0m
[0mGET /images/mongodb.png [32m200 [0m1.687 ms - 27692[0m
[0mGET /images/ionic.png [32m200 [0m2.719 ms - 28293[0m
[0mGET /images/img001.jpg [32m200 [0m2.541 ms - 60232[0m
[0mGET /images/img002.jpg [32m200 [0m1.895 ms - 57033[0m
[0mGET /modules/app/tmpl/bagsandshoes.html [32m200 [0m1.233 ms - 123[0m
***** setting header 
[0mGET /bagsandshoes [33m404 [0m2.802 ms - 14[0m
error: Forever detected script was killed by signal: SIGKILL
{ rootPath: '/Users/mithundas/Project_Workspace/NodeJS/ass/' }
***** setting header 
[0mGET /bagsandshoes [36m304 [0m19.463 ms - -[0m
[0mGET /vendor/bootstrap/dist/css/bootstrap.min.css [36m304 [0m5.887 ms - -[0m
[0mGET /vendor/font-awesome/css/font-awesome.min.css [36m304 [0m3.929 ms - -[0m
[0mGET /vendor/angular/angular-csp.css [36m304 [0m0.588 ms - -[0m
[0mGET /vendor/animate.css/animate.min.css [36m304 [0m1.183 ms - -[0m
[0mGET /vendor/angularjs-toaster/toaster.min.css [36m304 [0m1.061 ms - -[0m
[0mGET /css/style.css [36m304 [0m8.589 ms - -[0m
[0mGET /vendor/jquery/dist/jquery.min.js [36m304 [0m9.827 ms - -[0m
[0mGET /vendor/bootstrap/dist/js/bootstrap.min.js [36m304 [0m9.800 ms - -[0m
[0mGET /vendor/wow/dist/wow.min.js [36m304 [0m7.409 ms - -[0m
[0mGET /vendor/angular/angular.min.js [36m304 [0m1.142 ms - -[0m
[0mGET /vendor/angular-ui-router/release/angular-ui-router.min.js [36m304 [0m1.004 ms - -[0m
[0mGET /vendor/angular-touch/angular-touch.min.js [36m304 [0m1.037 ms - -[0m
[0mGET /vendor/angular-animate/angular-animate.min.js [36m304 [0m0.759 ms - -[0m
[0mGET /vendor/angular-bootstrap/ui-bootstrap.min.js [36m304 [0m1.395 ms - -[0m
[0mGET /vendor/angular-bootstrap/ui-bootstrap-tpls.min.js [36m304 [0m1.300 ms - -[0m
[0mGET /vendor/angular-confirm-modal/angular-confirm.js [36m304 [0m1.480 ms - -[0m
[0mGET /vendor/angular-local-storage/dist/angular-local-storage.min.js [36m304 [0m0.815 ms - -[0m
[0mGET /vendor/angularjs-toaster/toaster.min.js [36m304 [0m1.374 ms - -[0m
[0mGET /vendor/headroom.js/dist/headroom.min.js [36m304 [0m0.966 ms - -[0m
[0mGET /vendor/headroom.js/dist/angular.headroom.min.js [36m304 [0m0.816 ms - -[0m
[0mGET /modules/app/AppModule.js [36m304 [0m0.831 ms - -[0m
[0mGET /modules/app/AppConfig.js [36m304 [0m0.743 ms - -[0m
[0mGET /modules/app/CarouselController.js [36m304 [0m0.670 ms - -[0m
[0mGET /modules/app/HomeController.js [36m304 [0m1.699 ms - -[0m
[0mGET /modules/app/ContactController.js [36m304 [0m1.064 ms - -[0m
[0mGET /modules/app/BagsController.js [36m304 [0m1.708 ms - -[0m
[0mGET /vendor/bootstrap/dist/css/bootstrap.min.css.map [36m304 [0m0.739 ms - -[0m
[0mGET /css/style.css.map [36m304 [0m0.805 ms - -[0m
[0mGET /vendor/jquery/dist/jquery.min.map [36m304 [0m0.939 ms - -[0m
[0mGET /vendor/angular/angular.min.js.map [36m304 [0m0.912 ms - -[0m
[0mGET /modules/app/tmpl/bagsandshoes.html [36m304 [0m0.662 ms - -[0m
[0mGET /vendor/angular-animate/angular-animate.min.js.map [36m304 [0m0.830 ms - -[0m
[0mGET /vendor/angular-touch/angular-touch.min.js.map [36m304 [0m0.646 ms - -[0m
***** setting header 
[0mGET /bagsandshoes [36m304 [0m7.625 ms - -[0m
[0mGET /vendor/bootstrap/dist/css/bootstrap.min.css [36m304 [0m2.891 ms - -[0m
[0mGET /vendor/font-awesome/css/font-awesome.min.css [36m304 [0m2.827 ms - -[0m
[0mGET /vendor/angular/angular-csp.css [36m304 [0m2.696 ms - -[0m
[0mGET /vendor/animate.css/animate.min.css [36m304 [0m3.299 ms - -[0m
[0mGET /vendor/angularjs-toaster/toaster.min.css [36m304 [0m3.431 ms - -[0m
[0mGET /css/style.css [36m304 [0m3.554 ms - -[0m
[0mGET /vendor/jquery/dist/jquery.min.js [36m304 [0m2.199 ms - -[0m
[0mGET /vendor/bootstrap/dist/js/bootstrap.min.js [36m304 [0m6.063 ms - -[0m
[0mGET /vendor/wow/dist/wow.min.js [36m304 [0m4.859 ms - -[0m
[0mGET /vendor/angular/angular.min.js [36m304 [0m5.221 ms - -[0m
[0mGET /vendor/angular-ui-router/release/angular-ui-router.min.js [36m304 [0m4.207 ms - -[0m
[0mGET /vendor/angular-animate/angular-animate.min.js [36m304 [0m3.604 ms - -[0m
[0mGET /vendor/angular-touch/angular-touch.min.js [36m304 [0m3.221 ms - -[0m
[0mGET /vendor/angular-bootstrap/ui-bootstrap.min.js [36m304 [0m3.183 ms - -[0m
[0mGET /vendor/angular-bootstrap/ui-bootstrap-tpls.min.js [36m304 [0m3.120 ms - -[0m
[0mGET /vendor/angular-confirm-modal/angular-confirm.js [36m304 [0m3.191 ms - -[0m
[0mGET /vendor/angular-local-storage/dist/angular-local-storage.min.js [36m304 [0m3.229 ms - -[0m
[0mGET /vendor/angularjs-toaster/toaster.min.js [36m304 [0m5.411 ms - -[0m
[0mGET /vendor/headroom.js/dist/headroom.min.js [36m304 [0m5.390 ms - -[0m
[0mGET /vendor/headroom.js/dist/angular.headroom.min.js [36m304 [0m0.644 ms - -[0m
[0mGET /modules/app/AppModule.js [36m304 [0m1.017 ms - -[0m
[0mGET /modules/app/AppConfig.js [36m304 [0m2.381 ms - -[0m
[0mGET /modules/app/CarouselController.js [36m304 [0m1.332 ms - -[0m
[0mGET /modules/app/HomeController.js [36m304 [0m1.020 ms - -[0m
[0mGET /modules/app/ContactController.js [36m304 [0m0.834 ms - -[0m
[0mGET /modules/app/BagsController.js [36m304 [0m0.944 ms - -[0m
[0mGET /vendor/bootstrap/dist/css/bootstrap.min.css.map [36m304 [0m0.881 ms - -[0m
[0mGET /css/style.css.map [36m304 [0m0.791 ms - -[0m
[0mGET /vendor/jquery/dist/jquery.min.map [36m304 [0m0.808 ms - -[0m
[0mGET /vendor/angular/angular.min.js.map [36m304 [0m2.898 ms - -[0m
[0mGET /vendor/angular-animate/angular-animate.min.js.map [36m304 [0m2.125 ms - -[0m
[0mGET /vendor/angular-touch/angular-touch.min.js.map [36m304 [0m0.893 ms - -[0m
[0mGET /modules/app/tmpl/bagsandshoes.html [32m200 [0m4.442 ms - 424[0m
[0mGET /images/img001.jpg [36m304 [0m0.629 ms - -[0m
[0mGET /vendor/bootstrap/dist/fonts/glyphicons-halflings-regular.woff2 [36m304 [0m0.760 ms - -[0m
[0mGET /images/img002.jpg [36m304 [0m0.640 ms - -[0m
{ rootPath: '/Users/mithundas/Project_Workspace/NodeJS/ass/' }
***** setting header 
[0mGET /bagsandshoes [32m200 [0m19.912 ms - 5455[0m
[0mGET /vendor/font-awesome/css/font-awesome.min.css [36m304 [0m8.124 ms - -[0m
[0mGET /vendor/angular/angular-csp.css [36m304 [0m8.038 ms - -[0m
[0mGET /vendor/animate.css/animate.min.css [36m304 [0m9.138 ms - -[0m
[0mGET /vendor/bootstrap/dist/css/bootstrap.min.css [36m304 [0m8.995 ms - -[0m
[0mGET /vendor/angularjs-toaster/toaster.min.css [36m304 [0m8.908 ms - -[0m
[0mGET /vendor/jquery/dist/jquery.min.js [36m304 [0m11.092 ms - -[0m
[0mGET /vendor/wow/dist/wow.min.js [36m304 [0m13.009 ms - -[0m
[0mGET /vendor/bootstrap/dist/js/bootstrap.min.js [36m304 [0m13.378 ms - -[0m
[0mGET /vendor/angular/angular.min.js [36m304 [0m6.638 ms - -[0m
[0mGET /css/style.css [32m200 [0m26.228 ms - 28812[0m
[0mGET /vendor/angular-ui-router/release/angular-ui-router.min.js [36m304 [0m2.781 ms - -[0m
[0mGET /vendor/angular-animate/angular-animate.min.js [36m304 [0m2.636 ms - -[0m
[0mGET /vendor/angular-touch/angular-touch.min.js [36m304 [0m3.555 ms - -[0m
[0mGET /vendor/angular-confirm-modal/angular-confirm.js [36m304 [0m2.891 ms - -[0m
[0mGET /vendor/angular-local-storage/dist/angular-local-storage.min.js [36m304 [0m2.836 ms - -[0m
[0mGET /vendor/headroom.js/dist/headroom.min.js [36m304 [0m3.276 ms - -[0m
[0mGET /vendor/headroom.js/dist/angular.headroom.min.js [36m304 [0m4.891 ms - -[0m
[0mGET /vendor/angularjs-toaster/toaster.min.js [36m304 [0m2.005 ms - -[0m
[0mGET /vendor/angular-bootstrap/ui-bootstrap-tpls.min.js [36m304 [0m5.575 ms - -[0m
[0mGET /vendor/angular-bootstrap/ui-bootstrap.min.js [36m304 [0m5.190 ms - -[0m
[0mGET /modules/app/AppModule.js [36m304 [0m4.222 ms - -[0m
[0mGET /modules/app/AppConfig.js [36m304 [0m4.279 ms - -[0m
[0mGET /modules/app/CarouselController.js [36m304 [0m3.040 ms - -[0m
[0mGET /modules/app/HomeController.js [36m304 [0m0.602 ms - -[0m
[0mGET /modules/app/ContactController.js [36m304 [0m2.390 ms - -[0m
[0mGET /modules/app/BagsController.js [36m304 [0m1.800 ms - -[0m
[0mGET /vendor/bootstrap/dist/css/bootstrap.min.css.map [36m304 [0m0.614 ms - -[0m
[0mGET /css/style.css.map [32m200 [0m4.305 ms - 18481[0m
[0mGET /vendor/jquery/dist/jquery.min.map [36m304 [0m0.790 ms - -[0m
[0mGET /vendor/angular/angular.min.js.map [36m304 [0m2.671 ms - -[0m
[0mGET /vendor/angular-animate/angular-animate.min.js.map [36m304 [0m1.678 ms - -[0m
[0mGET /vendor/angular-touch/angular-touch.min.js.map [36m304 [0m1.458 ms - -[0m
[0mGET /modules/app/tmpl/bagsandshoes.html [36m304 [0m1.044 ms - -[0m
[0mGET /images/img001.jpg [36m304 [0m1.800 ms - -[0m
[0mGET /images/img002.jpg [36m304 [0m0.601 ms - -[0m
[0mGET /vendor/bootstrap/dist/fonts/glyphicons-halflings-regular.woff2 [36m304 [0m1.137 ms - -[0m
***** setting header 
[0mGET / [32m200 [0m51.748 ms - 5455[0m
[0mGET /vendor/bootstrap/dist/css/bootstrap.min.css [36m304 [0m5.012 ms - -[0m
[0mGET /vendor/angular/angular-csp.css [36m304 [0m5.416 ms - -[0m
[0mGET /vendor/font-awesome/css/font-awesome.min.css [36m304 [0m11.133 ms - -[0m
[0mGET /vendor/animate.css/animate.min.css [36m304 [0m10.785 ms - -[0m
[0mGET /vendor/angularjs-toaster/toaster.min.css [36m304 [0m13.714 ms - -[0m
[0mGET /css/style.css [36m304 [0m2.978 ms - -[0m
[0mGET /vendor/jquery/dist/jquery.min.js [36m304 [0m7.098 ms - -[0m
[0mGET /vendor/bootstrap/dist/js/bootstrap.min.js [36m304 [0m4.912 ms - -[0m
[0mGET /vendor/wow/dist/wow.min.js [36m304 [0m3.490 ms - -[0m
[0mGET /vendor/angular/angular.min.js [36m304 [0m3.640 ms - -[0m
[0mGET /vendor/angular-ui-router/release/angular-ui-router.min.js [36m304 [0m2.720 ms - -[0m
[0mGET /vendor/angular-animate/angular-animate.min.js [36m304 [0m6.881 ms - -[0m
[0mGET /vendor/angular-touch/angular-touch.min.js [36m304 [0m5.440 ms - -[0m
[0mGET /vendor/angular-bootstrap/ui-bootstrap.min.js [36m304 [0m4.611 ms - -[0m
[0mGET /vendor/angular-bootstrap/ui-bootstrap-tpls.min.js [36m304 [0m4.357 ms - -[0m
[0mGET /vendor/angular-confirm-modal/angular-confirm.js [36m304 [0m3.738 ms - -[0m
[0mGET /vendor/angular-local-storage/dist/angular-local-storage.min.js [36m304 [0m3.520 ms - -[0m
[0mGET /vendor/angularjs-toaster/toaster.min.js [36m304 [0m3.639 ms - -[0m
[0mGET /vendor/headroom.js/dist/headroom.min.js [36m304 [0m1.629 ms - -[0m
[0mGET /vendor/headroom.js/dist/angular.headroom.min.js [36m304 [0m4.094 ms - -[0m
[0mGET /modules/app/AppModule.js [36m304 [0m4.081 ms - -[0m
[0mGET /modules/app/AppConfig.js [36m304 [0m3.330 ms - -[0m
[0mGET /modules/app/CarouselController.js [36m304 [0m3.341 ms - -[0m
[0mGET /modules/app/HomeController.js [36m304 [0m6.780 ms - -[0m
[0mGET /modules/app/ContactController.js [36m304 [0m4.342 ms - -[0m
[0mGET /modules/app/BagsController.js [36m304 [0m2.378 ms - -[0m
[0mGET /vendor/bootstrap/dist/css/bootstrap.min.css.map [36m304 [0m4.625 ms - -[0m
[0mGET /css/style.css.map [36m304 [0m4.481 ms - -[0m
[0mGET /vendor/jquery/dist/jquery.min.map [36m304 [0m3.775 ms - -[0m
[0mGET /vendor/angular/angular.min.js.map [36m304 [0m4.405 ms - -[0m
[0mGET /vendor/angular-animate/angular-animate.min.js.map [36m304 [0m3.651 ms - -[0m
[0mGET /vendor/angular-touch/angular-touch.min.js.map [36m304 [0m7.424 ms - -[0m
[0mGET /modules/app/tmpl/home.html [36m304 [0m0.528 ms - -[0m
[0mGET /vendor/bootstrap/dist/fonts/glyphicons-halflings-regular.woff2 [36m304 [0m0.931 ms - -[0m
[0mGET /vendor/font-awesome/fonts/fontawesome-webfont.woff2?v=4.5.0 [36m304 [0m1.730 ms - -[0m
[0mGET /images/mean.png [36m304 [0m1.409 ms - -[0m
[0mGET /images/php.png [36m304 [0m3.414 ms - -[0m
[0mGET /images/spring2.jpg [36m304 [0m3.810 ms - -[0m
[0mGET /images/nodejs.png [36m304 [0m4.407 ms - -[0m
[0mGET /images/angularjs.png [36m304 [0m1.967 ms - -[0m
[0mGET /images/css.png [36m304 [0m2.108 ms - -[0m
[0mGET /images/mysql.png [36m304 [0m2.521 ms - -[0m
[0mGET /images/mongodb.png [36m304 [0m1.087 ms - -[0m
[0mGET /images/ionic.png [36m304 [0m0.991 ms - -[0m
[0mGET /images/img001.jpg [36m304 [0m0.887 ms - -[0m
[0mGET /images/img002.jpg [36m304 [0m0.656 ms - -[0m
[0mGET /modules/app/tmpl/bagsandshoes.html [36m304 [0m1.037 ms - -[0m
***** setting header 
[0mGET /bagsandshoes [36m304 [0m26.834 ms - -[0m
[0mGET /vendor/bootstrap/dist/css/bootstrap.min.css [36m304 [0m5.560 ms - -[0m
[0mGET /vendor/font-awesome/css/font-awesome.min.css [36m304 [0m5.279 ms - -[0m
[0mGET /vendor/angular/angular-csp.css [36m304 [0m5.206 ms - -[0m
[0mGET /vendor/angularjs-toaster/toaster.min.css [36m304 [0m4.280 ms - -[0m
[0mGET /vendor/animate.css/animate.min.css [36m304 [0m4.428 ms - -[0m
[0mGET /vendor/bootstrap/dist/js/bootstrap.min.js [36m304 [0m5.069 ms - -[0m
[0mGET /css/style.css [36m304 [0m11.198 ms - -[0m
[0mGET /vendor/wow/dist/wow.min.js [36m304 [0m2.745 ms - -[0m
[0mGET /vendor/jquery/dist/jquery.min.js [36m304 [0m4.613 ms - -[0m
[0mGET /vendor/angular-animate/angular-animate.min.js [36m304 [0m4.400 ms - -[0m
[0mGET /vendor/angular/angular.min.js [36m304 [0m4.353 ms - -[0m
[0mGET /vendor/angular-touch/angular-touch.min.js [36m304 [0m5.264 ms - -[0m
[0mGET /vendor/angular-confirm-modal/angular-confirm.js [36m304 [0m2.287 ms - -[0m
[0mGET /vendor/angular-ui-router/release/angular-ui-router.min.js [36m304 [0m1.968 ms - -[0m
[0mGET /vendor/angular-bootstrap/ui-bootstrap-tpls.min.js [36m304 [0m3.095 ms - -[0m
[0mGET /vendor/angular-local-storage/dist/angular-local-storage.min.js [36m304 [0m1.681 ms - -[0m
[0mGET /vendor/angularjs-toaster/toaster.min.js [36m304 [0m1.612 ms - -[0m
[0mGET /vendor/angular-bootstrap/ui-bootstrap.min.js [36m304 [0m3.361 ms - -[0m
[0mGET /vendor/headroom.js/dist/headroom.min.js [36m304 [0m2.205 ms - -[0m
[0mGET /vendor/headroom.js/dist/angular.headroom.min.js [36m304 [0m1.922 ms - -[0m
[0mGET /modules/app/AppModule.js [36m304 [0m1.338 ms - -[0m
[0mGET /modules/app/AppConfig.js [36m304 [0m1.592 ms - -[0m
[0mGET /modules/app/ContactController.js [36m304 [0m1.562 ms - -[0m
[0mGET /modules/app/BagsController.js [36m304 [0m1.226 ms - -[0m
[0mGET /modules/app/CarouselController.js [36m304 [0m1.277 ms - -[0m
[0mGET /modules/app/HomeController.js [36m304 [0m1.358 ms - -[0m
[0mGET /modules/app/tmpl/bagsandshoes.html [36m304 [0m0.542 ms - -[0m
[0mGET /images/img001.jpg [36m304 [0m1.118 ms - -[0m
[0mGET /images/img002.jpg [36m304 [0m0.487 ms - -[0m
[0mGET /vendor/bootstrap/dist/fonts/glyphicons-halflings-regular.woff2 [36m304 [0m0.740 ms - -[0m
***** setting header 
[0mGET /bagsandshoes [36m304 [0m7.749 ms - -[0m
[0mGET /vendor/bootstrap/dist/css/bootstrap.min.css [36m304 [0m7.961 ms - -[0m
[0mGET /vendor/font-awesome/css/font-awesome.min.css [36m304 [0m9.277 ms - -[0m
[0mGET /vendor/angular/angular-csp.css [36m304 [0m9.221 ms - -[0m
[0mGET /vendor/animate.css/animate.min.css [36m304 [0m9.186 ms - -[0m
[0mGET /vendor/angularjs-toaster/toaster.min.css [36m304 [0m6.307 ms - -[0m
[0mGET /css/style.css [36m304 [0m5.244 ms - -[0m
[0mGET /vendor/jquery/dist/jquery.min.js [36m304 [0m1.416 ms - -[0m
[0mGET /vendor/bootstrap/dist/js/bootstrap.min.js [36m304 [0m0.739 ms - -[0m
[0mGET /vendor/wow/dist/wow.min.js [36m304 [0m3.914 ms - -[0m
[0mGET /vendor/angular/angular.min.js [36m304 [0m4.140 ms - -[0m
[0mGET /vendor/angular-ui-router/release/angular-ui-router.min.js [36m304 [0m4.266 ms - -[0m
[0mGET /vendor/angular-animate/angular-animate.min.js [36m304 [0m4.196 ms - -[0m
[0mGET /vendor/angular-touch/angular-touch.min.js [36m304 [0m1.183 ms - -[0m
[0mGET /vendor/angular-bootstrap/ui-bootstrap.min.js [36m304 [0m9.157 ms - -[0m
[0mGET /vendor/angular-bootstrap/ui-bootstrap-tpls.min.js [36m304 [0m9.960 ms - -[0m
[0mGET /vendor/angular-confirm-modal/angular-confirm.js [36m304 [0m6.628 ms - -[0m
[0mGET /vendor/angular-local-storage/dist/angular-local-storage.min.js [36m304 [0m2.674 ms - -[0m
[0mGET /vendor/angularjs-toaster/toaster.min.js [36m304 [0m2.444 ms - -[0m
[0mGET /vendor/headroom.js/dist/headroom.min.js [36m304 [0m3.398 ms - -[0m
[0mGET /vendor/headroom.js/dist/angular.headroom.min.js [36m304 [0m3.258 ms - -[0m
[0mGET /modules/app/AppModule.js [36m304 [0m3.378 ms - -[0m
[0mGET /modules/app/AppConfig.js [36m304 [0m3.370 ms - -[0m
[0mGET /modules/app/CarouselController.js [36m304 [0m0.398 ms - -[0m
[0mGET /modules/app/HomeController.js [36m304 [0m0.491 ms - -[0m
[0mGET /modules/app/ContactController.js [36m304 [0m0.761 ms - -[0m
[0mGET /modules/app/BagsController.js [32m200 [0m2.893 ms - 828[0m
[0mGET /modules/app/tmpl/bagsandshoes.html [32m200 [0m1.692 ms - 390[0m
[0mGET /images/img002.jpg [36m304 [0m0.530 ms - -[0m
[0mGET /vendor/bootstrap/dist/fonts/glyphicons-halflings-regular.woff2 [36m304 [0m0.693 ms - -[0m
[0mGET /images/p1.png [32m200 [0m9.173 ms - 1067152[0m
***** setting header 
[0mGET /bagsandshoes [36m304 [0m3.403 ms - -[0m
[0mGET /vendor/bootstrap/dist/css/bootstrap.min.css [36m304 [0m2.465 ms - -[0m
[0mGET /vendor/font-awesome/css/font-awesome.min.css [36m304 [0m2.263 ms - -[0m
[0mGET /vendor/angular/angular-csp.css [36m304 [0m2.199 ms - -[0m
[0mGET /vendor/animate.css/animate.min.css [36m304 [0m2.161 ms - -[0m
[0mGET /vendor/angularjs-toaster/toaster.min.css [36m304 [0m2.225 ms - -[0m
[0mGET /css/style.css [36m304 [0m2.266 ms - -[0m
[0mGET /vendor/jquery/dist/jquery.min.js [36m304 [0m1.704 ms - -[0m
[0mGET /vendor/bootstrap/dist/js/bootstrap.min.js [36m304 [0m2.553 ms - -[0m
[0mGET /vendor/wow/dist/wow.min.js [36m304 [0m2.671 ms - -[0m
[0mGET /vendor/angular/angular.min.js [36m304 [0m2.893 ms - -[0m
[0mGET /vendor/angular-ui-router/release/angular-ui-router.min.js [36m304 [0m2.971 ms - -[0m
[0mGET /vendor/angular-animate/angular-animate.min.js [36m304 [0m0.613 ms - -[0m
[0mGET /vendor/angular-touch/angular-touch.min.js [36m304 [0m1.825 ms - -[0m
[0mGET /vendor/angular-bootstrap/ui-bootstrap.min.js [36m304 [0m1.653 ms - -[0m
[0mGET /vendor/angular-bootstrap/ui-bootstrap-tpls.min.js [36m304 [0m1.642 ms - -[0m
[0mGET /vendor/angular-confirm-modal/angular-confirm.js [36m304 [0m1.707 ms - -[0m
[0mGET /vendor/angular-local-storage/dist/angular-local-storage.min.js [36m304 [0m1.769 ms - -[0m
[0mGET /vendor/angularjs-toaster/toaster.min.js [36m304 [0m1.955 ms - -[0m
[0mGET /vendor/headroom.js/dist/headroom.min.js [36m304 [0m0.450 ms - -[0m
[0mGET /vendor/headroom.js/dist/angular.headroom.min.js [36m304 [0m1.281 ms - -[0m
[0mGET /modules/app/AppModule.js [36m304 [0m1.094 ms - -[0m
[0mGET /modules/app/AppConfig.js [36m304 [0m1.046 ms - -[0m
[0mGET /modules/app/CarouselController.js [36m304 [0m1.134 ms - -[0m
[0mGET /modules/app/HomeController.js [36m304 [0m2.654 ms - -[0m
[0mGET /modules/app/ContactController.js [36m304 [0m1.780 ms - -[0m
[0mGET /modules/app/BagsController.js [32m200 [0m0.835 ms - 824[0m
[0mGET /modules/app/tmpl/bagsandshoes.html [36m304 [0m1.445 ms - -[0m
[0mGET /images/p1.png [36m304 [0m0.481 ms - -[0m
[0mGET /vendor/bootstrap/dist/fonts/glyphicons-halflings-regular.woff2 [36m304 [0m0.463 ms - -[0m
[0mGET /images/p2.png [32m200 [0m6.553 ms - 998383[0m
***** setting header 
[0mGET /bagsandshoes [36m304 [0m6.595 ms - -[0m
[0mGET /vendor/bootstrap/dist/css/bootstrap.min.css [36m304 [0m0.986 ms - -[0m
[0mGET /vendor/font-awesome/css/font-awesome.min.css [36m304 [0m3.460 ms - -[0m
[0mGET /vendor/animate.css/animate.min.css [36m304 [0m2.975 ms - -[0m
[0mGET /vendor/angularjs-toaster/toaster.min.css [36m304 [0m2.866 ms - -[0m
[0mGET /vendor/jquery/dist/jquery.min.js [36m304 [0m2.489 ms - -[0m
[0mGET /vendor/angular/angular-csp.css [36m304 [0m2.401 ms - -[0m
[0mGET /css/style.css [32m200 [0m3.703 ms - 28886[0m
[0mGET /vendor/bootstrap/dist/js/bootstrap.min.js [36m304 [0m2.028 ms - -[0m
[0mGET /vendor/wow/dist/wow.min.js [36m304 [0m1.804 ms - -[0m
[0mGET /vendor/angular/angular.min.js [36m304 [0m1.636 ms - -[0m
[0mGET /vendor/angular-ui-router/release/angular-ui-router.min.js [36m304 [0m1.510 ms - -[0m
[0mGET /vendor/angular-animate/angular-animate.min.js [36m304 [0m1.576 ms - -[0m
[0mGET /vendor/angular-touch/angular-touch.min.js [36m304 [0m1.855 ms - -[0m
[0mGET /vendor/angular-bootstrap/ui-bootstrap.min.js [36m304 [0m1.422 ms - -[0m
[0mGET /vendor/angular-bootstrap/ui-bootstrap-tpls.min.js [36m304 [0m1.439 ms - -[0m
[0mGET /vendor/angular-confirm-modal/angular-confirm.js [36m304 [0m6.525 ms - -[0m
[0mGET /vendor/angular-local-storage/dist/angular-local-storage.min.js [36m304 [0m3.752 ms - -[0m
[0mGET /vendor/angularjs-toaster/toaster.min.js [36m304 [0m3.571 ms - -[0m
[0mGET /vendor/headroom.js/dist/headroom.min.js [36m304 [0m2.603 ms - -[0m
[0mGET /vendor/headroom.js/dist/angular.headroom.min.js [36m304 [0m2.895 ms - -[0m
[0mGET /modules/app/AppModule.js [36m304 [0m2.982 ms - -[0m
[0mGET /modules/app/AppConfig.js [36m304 [0m2.066 ms - -[0m
[0mGET /modules/app/CarouselController.js [36m304 [0m1.175 ms - -[0m
[0mGET /modules/app/HomeController.js [36m304 [0m1.151 ms - -[0m
[0mGET /modules/app/ContactController.js [36m304 [0m1.704 ms - -[0m
[0mGET /modules/app/BagsController.js [36m304 [0m0.538 ms - -[0m
[0mGET /modules/app/tmpl/bagsandshoes.html [32m200 [0m3.587 ms - 395[0m
[0mGET /images/p1.png [36m304 [0m0.870 ms - -[0m
[0mGET /images/p2.png [36m304 [0m0.662 ms - -[0m
***** setting header 
[0mGET /images/bg1.png [32m200 [0m3.449 ms - 5455[0m
[0mGET /vendor/bootstrap/dist/fonts/glyphicons-halflings-regular.woff2 [36m304 [0m1.001 ms - -[0m
***** setting header 
[0mGET /bagsandshoes [36m304 [0m2.621 ms - -[0m
[0mGET /vendor/bootstrap/dist/css/bootstrap.min.css [36m304 [0m1.635 ms - -[0m
[0mGET /vendor/font-awesome/css/font-awesome.min.css [36m304 [0m1.562 ms - -[0m
[0mGET /vendor/angular/angular-csp.css [36m304 [0m1.299 ms - -[0m
[0mGET /vendor/animate.css/animate.min.css [36m304 [0m1.262 ms - -[0m
[0mGET /vendor/angularjs-toaster/toaster.min.css [36m304 [0m1.180 ms - -[0m
[0mGET /vendor/jquery/dist/jquery.min.js [36m304 [0m11.776 ms - -[0m
[0mGET /vendor/bootstrap/dist/js/bootstrap.min.js [36m304 [0m11.595 ms - -[0m
[0mGET /vendor/wow/dist/wow.min.js [36m304 [0m11.541 ms - -[0m
[0mGET /vendor/angular/angular.min.js [36m304 [0m10.558 ms - -[0m
[0mGET /vendor/angular-ui-router/release/angular-ui-router.min.js [36m304 [0m10.547 ms - -[0m
[0mGET /css/style.css [32m200 [0m16.730 ms - 28861[0m
[0mGET /vendor/angular-animate/angular-animate.min.js [36m304 [0m0.922 ms - -[0m
[0mGET /vendor/angular-touch/angular-touch.min.js [36m304 [0m1.042 ms - -[0m
[0mGET /vendor/angular-bootstrap/ui-bootstrap.min.js [36m304 [0m1.018 ms - -[0m
[0mGET /vendor/angular-bootstrap/ui-bootstrap-tpls.min.js [36m304 [0m0.532 ms - -[0m
[0mGET /vendor/angular-confirm-modal/angular-confirm.js [36m304 [0m0.820 ms - -[0m
[0mGET /vendor/angular-local-storage/dist/angular-local-storage.min.js [36m304 [0m1.552 ms - -[0m
[0mGET /vendor/angularjs-toaster/toaster.min.js [36m304 [0m1.667 ms - -[0m
[0mGET /vendor/headroom.js/dist/headroom.min.js [36m304 [0m1.448 ms - -[0m
[0mGET /vendor/headroom.js/dist/angular.headroom.min.js [36m304 [0m1.398 ms - -[0m
[0mGET /modules/app/AppModule.js [36m304 [0m1.439 ms - -[0m
[0mGET /modules/app/AppConfig.js [36m304 [0m2.380 ms - -[0m
[0mGET /modules/app/CarouselController.js [36m304 [0m0.893 ms - -[0m
[0mGET /modules/app/HomeController.js [36m304 [0m1.080 ms - -[0m
[0mGET /modules/app/ContactController.js [36m304 [0m0.617 ms - -[0m
[0mGET /modules/app/BagsController.js [36m304 [0m0.602 ms - -[0m
[0mGET /modules/app/tmpl/bagsandshoes.html [36m304 [0m0.485 ms - -[0m
[0mGET /images/p1.png [36m304 [0m0.667 ms - -[0m
[0mGET /images/p2.png [36m304 [0m0.557 ms - -[0m
[0mGET /vendor/bootstrap/dist/fonts/glyphicons-halflings-regular.woff2 [36m304 [0m0.636 ms - -[0m
[0mGET /vendor/bootstrap/dist/css/bootstrap.min.css [36m304 [0m2.043 ms - -[0m
[0mGET /vendor/font-awesome/css/font-awesome.min.css [36m304 [0m1.886 ms - -[0m
[0mGET /vendor/angular/angular-csp.css [36m304 [0m1.749 ms - -[0m
[0mGET /vendor/animate.css/animate.min.css [36m304 [0m1.726 ms - -[0m
[0mGET /vendor/angularjs-toaster/toaster.min.css [36m304 [0m1.803 ms - -[0m
[0mGET /css/style.css [36m304 [0m0.617 ms - -[0m
[0mGET /vendor/jquery/dist/jquery.min.map [36m304 [0m0.662 ms - -[0m
[0mGET /vendor/angular/angular.min.js.map [36m304 [0m0.649 ms - -[0m
[0mGET /vendor/angular-animate/angular-animate.min.js.map [36m304 [0m0.699 ms - -[0m
[0mGET /vendor/angular-touch/angular-touch.min.js.map [36m304 [0m0.855 ms - -[0m
[0mGET /vendor/bootstrap/dist/css/bootstrap.min.css.map [36m304 [0m0.671 ms - -[0m
[0mGET /css/style.css.map [32m200 [0m1.393 ms - 18518[0m
***** setting header 
[0mGET /bagsandshoes [36m304 [0m3.530 ms - -[0m
[0mGET /vendor/bootstrap/dist/css/bootstrap.min.css [36m304 [0m0.740 ms - -[0m
[0mGET /vendor/font-awesome/css/font-awesome.min.css [36m304 [0m1.923 ms - -[0m
[0mGET /vendor/angular/angular-csp.css [36m304 [0m2.297 ms - -[0m
[0mGET /vendor/animate.css/animate.min.css [36m304 [0m2.203 ms - -[0m
[0mGET /vendor/angularjs-toaster/toaster.min.css [36m304 [0m2.093 ms - -[0m
[0mGET /css/style.css [36m304 [0m1.002 ms - -[0m
[0mGET /vendor/jquery/dist/jquery.min.js [36m304 [0m0.899 ms - -[0m
[0mGET /vendor/bootstrap/dist/js/bootstrap.min.js [36m304 [0m0.601 ms - -[0m
[0mGET /vendor/wow/dist/wow.min.js [36m304 [0m3.332 ms - -[0m
[0mGET /vendor/angular/angular.min.js [36m304 [0m2.707 ms - -[0m
[0mGET /vendor/angular-ui-router/release/angular-ui-router.min.js [36m304 [0m2.598 ms - -[0m
[0mGET /vendor/angular-animate/angular-animate.min.js [36m304 [0m1.544 ms - -[0m
[0mGET /vendor/angular-touch/angular-touch.min.js [36m304 [0m1.448 ms - -[0m
[0mGET /vendor/angular-bootstrap/ui-bootstrap.min.js [36m304 [0m1.423 ms - -[0m
[0mGET /vendor/angular-bootstrap/ui-bootstrap-tpls.min.js [36m304 [0m1.394 ms - -[0m
[0mGET /vendor/angular-confirm-modal/angular-confirm.js [36m304 [0m2.509 ms - -[0m
[0mGET /vendor/angular-local-storage/dist/angular-local-storage.min.js [36m304 [0m1.075 ms - -[0m
[0mGET /vendor/angularjs-toaster/toaster.min.js [36m304 [0m2.582 ms - -[0m
[0mGET /vendor/headroom.js/dist/headroom.min.js [36m304 [0m2.792 ms - -[0m
[0mGET /vendor/headroom.js/dist/angular.headroom.min.js [36m304 [0m2.719 ms - -[0m
[0mGET /modules/app/AppModule.js [36m304 [0m3.348 ms - -[0m
[0mGET /modules/app/AppConfig.js [36m304 [0m1.848 ms - -[0m
[0mGET /modules/app/CarouselController.js [36m304 [0m1.752 ms - -[0m
[0mGET /modules/app/HomeController.js [36m304 [0m1.276 ms - -[0m
[0mGET /modules/app/ContactController.js [36m304 [0m1.498 ms - -[0m
[0mGET /modules/app/BagsController.js [36m304 [0m0.663 ms - -[0m
[0mGET /vendor/bootstrap/dist/css/bootstrap.min.css.map [36m304 [0m0.845 ms - -[0m
[0mGET /css/style.css.map [36m304 [0m0.708 ms - -[0m
[0mGET /vendor/jquery/dist/jquery.min.map [36m304 [0m0.657 ms - -[0m
[0mGET /vendor/angular/angular.min.js.map [36m304 [0m2.853 ms - -[0m
[0mGET /vendor/angular-animate/angular-animate.min.js.map [36m304 [0m0.945 ms - -[0m
[0mGET /vendor/angular-touch/angular-touch.min.js.map [36m304 [0m1.308 ms - -[0m
[0mGET /modules/app/tmpl/bagsandshoes.html [32m200 [0m0.846 ms - 571[0m
[0mGET /images/p1.png [36m304 [0m0.682 ms - -[0m
[0mGET /images/p2.png [36m304 [0m0.624 ms - -[0m
[0mGET /vendor/bootstrap/dist/fonts/glyphicons-halflings-regular.woff2 [36m304 [0m0.664 ms - -[0m
